2022-07-12 14:31:34.613  INFO 47056 --- [main] c.c.bbookseason.BbookSeasonApplication   : Starting BbookSeasonApplication using Java 11.0.15 on MCSAPGS-0004 with PID 47056 (C:\Users\dabarca\Documents\Dev\bbook-season\target\classes started by dabarca in C:\Users\dabarca\Documents\Dev\bbook-season)
2022-07-12 14:31:34.622  INFO 47056 --- [main] c.c.bbookseason.BbookSeasonApplication   : No active profile set, falling back to 1 default profile: "default"
2022-07-12 14:31:35.179  INFO 47056 --- [main] .s.d.r.c.RepositoryConfigurationDelegate : Bootstrapping Spring Data JPA repositories in DEFAULT mode.
2022-07-12 14:31:35.221  INFO 47056 --- [main] .s.d.r.c.RepositoryConfigurationDelegate : Finished Spring Data repository scanning in 35 ms. Found 1 JPA repository interfaces.
2022-07-12 14:31:35.663  INFO 47056 --- [main] o.s.b.w.embedded.tomcat.TomcatWebServer  : Tomcat initialized with port(s): 8080 (http)
2022-07-12 14:31:35.671  INFO 47056 --- [main] o.apache.catalina.core.StandardService   : Starting service [Tomcat]
2022-07-12 14:31:35.671  INFO 47056 --- [main] org.apache.catalina.core.StandardEngine  : Starting Servlet engine: [Apache Tomcat/9.0.63]
2022-07-12 14:31:35.769  INFO 47056 --- [main] o.a.c.c.C.[Tomcat].[localhost].[/]       : Initializing Spring embedded WebApplicationContext
2022-07-12 14:31:35.769  INFO 47056 --- [main] w.s.c.ServletWebServerApplicationContext : Root WebApplicationContext: initialization completed in 1100 ms
2022-07-12 14:31:35.951  INFO 47056 --- [main] o.hibernate.jpa.internal.util.LogHelper  : HHH000204: Processing PersistenceUnitInfo [name: default]
2022-07-12 14:31:35.985  INFO 47056 --- [main] org.hibernate.Version                    : HHH000412: Hibernate ORM core version 5.6.9.Final
2022-07-12 14:31:36.083  INFO 47056 --- [main] o.hibernate.annotations.common.Version   : HCANN000001: Hibernate Commons Annotations {5.1.2.Final}
2022-07-12 14:31:36.100 DEBUG 47056 --- [main] org.hibernate.type.BasicTypeRegistry     : Adding type registration boolean -> org.hibernate.type.BooleanType@f882465
2022-07-12 14:31:36.101 DEBUG 47056 --- [main] org.hibernate.type.BasicTypeRegistry     : Adding type registration boolean -> org.hibernate.type.BooleanType@f882465
2022-07-12 14:31:36.101 DEBUG 47056 --- [main] org.hibernate.type.BasicTypeRegistry     : Adding type registration java.lang.Boolean -> org.hibernate.type.BooleanType@f882465
2022-07-12 14:31:36.101 DEBUG 47056 --- [main] org.hibernate.type.BasicTypeRegistry     : Adding type registration numeric_boolean -> org.hibernate.type.NumericBooleanType@79ecc507
2022-07-12 14:31:36.102 DEBUG 47056 --- [main] org.hibernate.type.BasicTypeRegistry     : Adding type registration true_false -> org.hibernate.type.TrueFalseType@41def031
2022-07-12 14:31:36.102 DEBUG 47056 --- [main] org.hibernate.type.BasicTypeRegistry     : Adding type registration yes_no -> org.hibernate.type.YesNoType@7f0f84d4
2022-07-12 14:31:36.103 DEBUG 47056 --- [main] org.hibernate.type.BasicTypeRegistry     : Adding type registration byte -> org.hibernate.type.ByteType@5a05dd30
2022-07-12 14:31:36.104 DEBUG 47056 --- [main] org.hibernate.type.BasicTypeRegistry     : Adding type registration byte -> org.hibernate.type.ByteType@5a05dd30
2022-07-12 14:31:36.104 DEBUG 47056 --- [main] org.hibernate.type.BasicTypeRegistry     : Adding type registration java.lang.Byte -> org.hibernate.type.ByteType@5a05dd30
2022-07-12 14:31:36.104 DEBUG 47056 --- [main] org.hibernate.type.BasicTypeRegistry     : Adding type registration character -> org.hibernate.type.CharacterType@1d2fb82
2022-07-12 14:31:36.104 DEBUG 47056 --- [main] org.hibernate.type.BasicTypeRegistry     : Adding type registration char -> org.hibernate.type.CharacterType@1d2fb82
2022-07-12 14:31:36.104 DEBUG 47056 --- [main] org.hibernate.type.BasicTypeRegistry     : Adding type registration java.lang.Character -> org.hibernate.type.CharacterType@1d2fb82
2022-07-12 14:31:36.105 DEBUG 47056 --- [main] org.hibernate.type.BasicTypeRegistry     : Adding type registration short -> org.hibernate.type.ShortType@69796bd0
2022-07-12 14:31:36.105 DEBUG 47056 --- [main] org.hibernate.type.BasicTypeRegistry     : Adding type registration short -> org.hibernate.type.ShortType@69796bd0
2022-07-12 14:31:36.106 DEBUG 47056 --- [main] org.hibernate.type.BasicTypeRegistry     : Adding type registration java.lang.Short -> org.hibernate.type.ShortType@69796bd0
2022-07-12 14:31:36.106 DEBUG 47056 --- [main] org.hibernate.type.BasicTypeRegistry     : Adding type registration integer -> org.hibernate.type.IntegerType@7f27f59b
2022-07-12 14:31:36.108 DEBUG 47056 --- [main] org.hibernate.type.BasicTypeRegistry     : Adding type registration int -> org.hibernate.type.IntegerType@7f27f59b
2022-07-12 14:31:36.108 DEBUG 47056 --- [main] org.hibernate.type.BasicTypeRegistry     : Adding type registration java.lang.Integer -> org.hibernate.type.IntegerType@7f27f59b
2022-07-12 14:31:36.109 DEBUG 47056 --- [main] org.hibernate.type.BasicTypeRegistry     : Adding type registration long -> org.hibernate.type.LongType@5b1e88f
2022-07-12 14:31:36.109 DEBUG 47056 --- [main] org.hibernate.type.BasicTypeRegistry     : Adding type registration long -> org.hibernate.type.LongType@5b1e88f
2022-07-12 14:31:36.109 DEBUG 47056 --- [main] org.hibernate.type.BasicTypeRegistry     : Adding type registration java.lang.Long -> org.hibernate.type.LongType@5b1e88f
2022-07-12 14:31:36.110 DEBUG 47056 --- [main] org.hibernate.type.BasicTypeRegistry     : Adding type registration float -> org.hibernate.type.FloatType@5ec88f9e
2022-07-12 14:31:36.110 DEBUG 47056 --- [main] org.hibernate.type.BasicTypeRegistry     : Adding type registration float -> org.hibernate.type.FloatType@5ec88f9e
2022-07-12 14:31:36.110 DEBUG 47056 --- [main] org.hibernate.type.BasicTypeRegistry     : Adding type registration java.lang.Float -> org.hibernate.type.FloatType@5ec88f9e
2022-07-12 14:31:36.111 DEBUG 47056 --- [main] org.hibernate.type.BasicTypeRegistry     : Adding type registration double -> org.hibernate.type.DoubleType@7a31ca20
2022-07-12 14:31:36.111 DEBUG 47056 --- [main] org.hibernate.type.BasicTypeRegistry     : Adding type registration double -> org.hibernate.type.DoubleType@7a31ca20
2022-07-12 14:31:36.111 DEBUG 47056 --- [main] org.hibernate.type.BasicTypeRegistry     : Adding type registration java.lang.Double -> org.hibernate.type.DoubleType@7a31ca20
2022-07-12 14:31:36.111 DEBUG 47056 --- [main] org.hibernate.type.BasicTypeRegistry     : Adding type registration big_decimal -> org.hibernate.type.BigDecimalType@46394f65
2022-07-12 14:31:36.112 DEBUG 47056 --- [main] org.hibernate.type.BasicTypeRegistry     : Adding type registration java.math.BigDecimal -> org.hibernate.type.BigDecimalType@46394f65
2022-07-12 14:31:36.112 DEBUG 47056 --- [main] org.hibernate.type.BasicTypeRegistry     : Adding type registration big_integer -> org.hibernate.type.BigIntegerType@391515c7
2022-07-12 14:31:36.112 DEBUG 47056 --- [main] org.hibernate.type.BasicTypeRegistry     : Adding type registration java.math.BigInteger -> org.hibernate.type.BigIntegerType@391515c7
2022-07-12 14:31:36.113 DEBUG 47056 --- [main] org.hibernate.type.BasicTypeRegistry     : Adding type registration string -> org.hibernate.type.StringType@b5aa65b
2022-07-12 14:31:36.124 DEBUG 47056 --- [main] org.hibernate.type.BasicTypeRegistry     : Adding type registration java.lang.String -> org.hibernate.type.StringType@b5aa65b
2022-07-12 14:31:36.125 DEBUG 47056 --- [main] org.hibernate.type.BasicTypeRegistry     : Adding type registration nstring -> org.hibernate.type.StringNVarcharType@118041c7
2022-07-12 14:31:36.125 DEBUG 47056 --- [main] org.hibernate.type.BasicTypeRegistry     : Adding type registration ncharacter -> org.hibernate.type.CharacterNCharType@32ea16b7
2022-07-12 14:31:36.126 DEBUG 47056 --- [main] org.hibernate.type.BasicTypeRegistry     : Adding type registration url -> org.hibernate.type.UrlType@6af65f29
2022-07-12 14:31:36.126 DEBUG 47056 --- [main] org.hibernate.type.BasicTypeRegistry     : Adding type registration java.net.URL -> org.hibernate.type.UrlType@6af65f29
2022-07-12 14:31:36.127 DEBUG 47056 --- [main] org.hibernate.type.BasicTypeRegistry     : Adding type registration Duration -> org.hibernate.type.DurationType@58b311ba
2022-07-12 14:31:36.127 DEBUG 47056 --- [main] org.hibernate.type.BasicTypeRegistry     : Adding type registration java.time.Duration -> org.hibernate.type.DurationType@58b311ba
2022-07-12 14:31:36.128 DEBUG 47056 --- [main] org.hibernate.type.BasicTypeRegistry     : Adding type registration Instant -> org.hibernate.type.InstantType@4c38cd16
2022-07-12 14:31:36.128 DEBUG 47056 --- [main] org.hibernate.type.BasicTypeRegistry     : Adding type registration java.time.Instant -> org.hibernate.type.InstantType@4c38cd16
2022-07-12 14:31:36.128 DEBUG 47056 --- [main] org.hibernate.type.BasicTypeRegistry     : Adding type registration LocalDateTime -> org.hibernate.type.LocalDateTimeType@28fc1132
2022-07-12 14:31:36.129 DEBUG 47056 --- [main] org.hibernate.type.BasicTypeRegistry     : Adding type registration java.time.LocalDateTime -> org.hibernate.type.LocalDateTimeType@28fc1132
2022-07-12 14:31:36.129 DEBUG 47056 --- [main] org.hibernate.type.BasicTypeRegistry     : Adding type registration LocalDate -> org.hibernate.type.LocalDateType@66f5b8fe
2022-07-12 14:31:36.129 DEBUG 47056 --- [main] org.hibernate.type.BasicTypeRegistry     : Adding type registration java.time.LocalDate -> org.hibernate.type.LocalDateType@66f5b8fe
2022-07-12 14:31:36.130 DEBUG 47056 --- [main] org.hibernate.type.BasicTypeRegistry     : Adding type registration LocalTime -> org.hibernate.type.LocalTimeType@6986f93e
2022-07-12 14:31:36.130 DEBUG 47056 --- [main] org.hibernate.type.BasicTypeRegistry     : Adding type registration java.time.LocalTime -> org.hibernate.type.LocalTimeType@6986f93e
2022-07-12 14:31:36.131 DEBUG 47056 --- [main] org.hibernate.type.BasicTypeRegistry     : Adding type registration OffsetDateTime -> org.hibernate.type.OffsetDateTimeType@353e6389
2022-07-12 14:31:36.140 DEBUG 47056 --- [main] org.hibernate.type.BasicTypeRegistry     : Adding type registration java.time.OffsetDateTime -> org.hibernate.type.OffsetDateTimeType@353e6389
2022-07-12 14:31:36.141 DEBUG 47056 --- [main] org.hibernate.type.BasicTypeRegistry     : Adding type registration OffsetTime -> org.hibernate.type.OffsetTimeType@68631b1d
2022-07-12 14:31:36.141 DEBUG 47056 --- [main] org.hibernate.type.BasicTypeRegistry     : Adding type registration java.time.OffsetTime -> org.hibernate.type.OffsetTimeType@68631b1d
2022-07-12 14:31:36.142 DEBUG 47056 --- [main] org.hibernate.type.BasicTypeRegistry     : Adding type registration ZonedDateTime -> org.hibernate.type.ZonedDateTimeType@4a62062a
2022-07-12 14:31:36.142 DEBUG 47056 --- [main] org.hibernate.type.BasicTypeRegistry     : Adding type registration java.time.ZonedDateTime -> org.hibernate.type.ZonedDateTimeType@4a62062a
2022-07-12 14:31:36.144 DEBUG 47056 --- [main] org.hibernate.type.BasicTypeRegistry     : Adding type registration date -> org.hibernate.type.DateType@5b1c32e4
2022-07-12 14:31:36.144 DEBUG 47056 --- [main] org.hibernate.type.BasicTypeRegistry     : Adding type registration java.sql.Date -> org.hibernate.type.DateType@5b1c32e4
2022-07-12 14:31:36.145 DEBUG 47056 --- [main] org.hibernate.type.BasicTypeRegistry     : Adding type registration time -> org.hibernate.type.TimeType@191a0351
2022-07-12 14:31:36.145 DEBUG 47056 --- [main] org.hibernate.type.BasicTypeRegistry     : Adding type registration java.sql.Time -> org.hibernate.type.TimeType@191a0351
2022-07-12 14:31:36.146 DEBUG 47056 --- [main] org.hibernate.type.BasicTypeRegistry     : Adding type registration timestamp -> org.hibernate.type.TimestampType@2c6c302f
2022-07-12 14:31:36.146 DEBUG 47056 --- [main] org.hibernate.type.BasicTypeRegistry     : Adding type registration java.sql.Timestamp -> org.hibernate.type.TimestampType@2c6c302f
2022-07-12 14:31:36.146 DEBUG 47056 --- [main] org.hibernate.type.BasicTypeRegistry     : Adding type registration java.util.Date -> org.hibernate.type.TimestampType@2c6c302f
2022-07-12 14:31:36.146 DEBUG 47056 --- [main] org.hibernate.type.BasicTypeRegistry     : Adding type registration dbtimestamp -> org.hibernate.type.DbTimestampType@570a62a5
2022-07-12 14:31:36.147 DEBUG 47056 --- [main] org.hibernate.type.BasicTypeRegistry     : Adding type registration calendar -> org.hibernate.type.CalendarType@634f58d2
2022-07-12 14:31:36.147 DEBUG 47056 --- [main] org.hibernate.type.BasicTypeRegistry     : Adding type registration java.util.Calendar -> org.hibernate.type.CalendarType@634f58d2
2022-07-12 14:31:36.148 DEBUG 47056 --- [main] org.hibernate.type.BasicTypeRegistry     : Adding type registration java.util.GregorianCalendar -> org.hibernate.type.CalendarType@634f58d2
2022-07-12 14:31:36.157 DEBUG 47056 --- [main] org.hibernate.type.BasicTypeRegistry     : Adding type registration calendar_date -> org.hibernate.type.CalendarDateType@281b2dfd
2022-07-12 14:31:36.158 DEBUG 47056 --- [main] org.hibernate.type.BasicTypeRegistry     : Adding type registration calendar_time -> org.hibernate.type.CalendarTimeType@2db86a7c
2022-07-12 14:31:36.158 DEBUG 47056 --- [main] org.hibernate.type.BasicTypeRegistry     : Adding type registration locale -> org.hibernate.type.LocaleType@3c54ddec
2022-07-12 14:31:36.158 DEBUG 47056 --- [main] org.hibernate.type.BasicTypeRegistry     : Adding type registration java.util.Locale -> org.hibernate.type.LocaleType@3c54ddec
2022-07-12 14:31:36.159 DEBUG 47056 --- [main] org.hibernate.type.BasicTypeRegistry     : Adding type registration currency -> org.hibernate.type.CurrencyType@3b088163
2022-07-12 14:31:36.159 DEBUG 47056 --- [main] org.hibernate.type.BasicTypeRegistry     : Adding type registration java.util.Currency -> org.hibernate.type.CurrencyType@3b088163
2022-07-12 14:31:36.159 DEBUG 47056 --- [main] org.hibernate.type.BasicTypeRegistry     : Adding type registration timezone -> org.hibernate.type.TimeZoneType@35025a0a
2022-07-12 14:31:36.159 DEBUG 47056 --- [main] org.hibernate.type.BasicTypeRegistry     : Adding type registration java.util.TimeZone -> org.hibernate.type.TimeZoneType@35025a0a
2022-07-12 14:31:36.160 DEBUG 47056 --- [main] org.hibernate.type.BasicTypeRegistry     : Adding type registration class -> org.hibernate.type.ClassType@16cf8438
2022-07-12 14:31:36.160 DEBUG 47056 --- [main] org.hibernate.type.BasicTypeRegistry     : Adding type registration java.lang.Class -> org.hibernate.type.ClassType@16cf8438
2022-07-12 14:31:36.160 DEBUG 47056 --- [main] org.hibernate.type.BasicTypeRegistry     : Adding type registration uuid-binary -> org.hibernate.type.UUIDBinaryType@526f6427
2022-07-12 14:31:36.160 DEBUG 47056 --- [main] org.hibernate.type.BasicTypeRegistry     : Adding type registration java.util.UUID -> org.hibernate.type.UUIDBinaryType@526f6427
2022-07-12 14:31:36.161 DEBUG 47056 --- [main] org.hibernate.type.BasicTypeRegistry     : Adding type registration uuid-char -> org.hibernate.type.UUIDCharType@6ddd1c51
2022-07-12 14:31:36.161 DEBUG 47056 --- [main] org.hibernate.type.BasicTypeRegistry     : Adding type registration binary -> org.hibernate.type.BinaryType@24134cbc
2022-07-12 14:31:36.162 DEBUG 47056 --- [main] org.hibernate.type.BasicTypeRegistry     : Adding type registration byte[] -> org.hibernate.type.BinaryType@24134cbc
2022-07-12 14:31:36.162 DEBUG 47056 --- [main] org.hibernate.type.BasicTypeRegistry     : Adding type registration [B -> org.hibernate.type.BinaryType@24134cbc
2022-07-12 14:31:36.172 DEBUG 47056 --- [main] org.hibernate.type.BasicTypeRegistry     : Adding type registration wrapper-binary -> org.hibernate.type.WrapperBinaryType@6b2fdffc
2022-07-12 14:31:36.172 DEBUG 47056 --- [main] org.hibernate.type.BasicTypeRegistry     : Adding type registration Byte[] -> org.hibernate.type.WrapperBinaryType@6b2fdffc
2022-07-12 14:31:36.172 DEBUG 47056 --- [main] org.hibernate.type.BasicTypeRegistry     : Adding type registration [Ljava.lang.Byte; -> org.hibernate.type.WrapperBinaryType@6b2fdffc
2022-07-12 14:31:36.173 DEBUG 47056 --- [main] org.hibernate.type.BasicTypeRegistry     : Adding type registration row_version -> org.hibernate.type.RowVersionType@7b96de8d
2022-07-12 14:31:36.173 DEBUG 47056 --- [main] org.hibernate.type.BasicTypeRegistry     : Adding type registration image -> org.hibernate.type.ImageType@119290b9
2022-07-12 14:31:36.174 DEBUG 47056 --- [main] org.hibernate.type.BasicTypeRegistry     : Adding type registration characters -> org.hibernate.type.CharArrayType@7e7740a5
2022-07-12 14:31:36.174 DEBUG 47056 --- [main] org.hibernate.type.BasicTypeRegistry     : Adding type registration char[] -> org.hibernate.type.CharArrayType@7e7740a5
2022-07-12 14:31:36.174 DEBUG 47056 --- [main] org.hibernate.type.BasicTypeRegistry     : Adding type registration [C -> org.hibernate.type.CharArrayType@7e7740a5
2022-07-12 14:31:36.175 DEBUG 47056 --- [main] org.hibernate.type.BasicTypeRegistry     : Adding type registration wrapper-characters -> org.hibernate.type.CharacterArrayType@22a6d75c
2022-07-12 14:31:36.175 DEBUG 47056 --- [main] org.hibernate.type.BasicTypeRegistry     : Adding type registration [Ljava.lang.Character; -> org.hibernate.type.CharacterArrayType@22a6d75c
2022-07-12 14:31:36.175 DEBUG 47056 --- [main] org.hibernate.type.BasicTypeRegistry     : Adding type registration Character[] -> org.hibernate.type.CharacterArrayType@22a6d75c
2022-07-12 14:31:36.175 DEBUG 47056 --- [main] org.hibernate.type.BasicTypeRegistry     : Adding type registration text -> org.hibernate.type.TextType@2ca54da9
2022-07-12 14:31:36.175 DEBUG 47056 --- [main] org.hibernate.type.BasicTypeRegistry     : Adding type registration ntext -> org.hibernate.type.NTextType@1cd2ff5b
2022-07-12 14:31:36.176 DEBUG 47056 --- [main] org.hibernate.type.BasicTypeRegistry     : Adding type registration blob -> org.hibernate.type.BlobType@de77146
2022-07-12 14:31:36.177 DEBUG 47056 --- [main] org.hibernate.type.BasicTypeRegistry     : Adding type registration java.sql.Blob -> org.hibernate.type.BlobType@de77146
2022-07-12 14:31:36.177 DEBUG 47056 --- [main] org.hibernate.type.BasicTypeRegistry     : Adding type registration materialized_blob -> org.hibernate.type.MaterializedBlobType@6a567f7b
2022-07-12 14:31:36.188 DEBUG 47056 --- [main] org.hibernate.type.BasicTypeRegistry     : Adding type registration clob -> org.hibernate.type.ClobType@34c7232c
2022-07-12 14:31:36.188 DEBUG 47056 --- [main] org.hibernate.type.BasicTypeRegistry     : Adding type registration java.sql.Clob -> org.hibernate.type.ClobType@34c7232c
2022-07-12 14:31:36.189 DEBUG 47056 --- [main] org.hibernate.type.BasicTypeRegistry     : Adding type registration nclob -> org.hibernate.type.NClobType@61394494
2022-07-12 14:31:36.189 DEBUG 47056 --- [main] org.hibernate.type.BasicTypeRegistry     : Adding type registration java.sql.NClob -> org.hibernate.type.NClobType@61394494
2022-07-12 14:31:36.190 DEBUG 47056 --- [main] org.hibernate.type.BasicTypeRegistry     : Adding type registration materialized_clob -> org.hibernate.type.MaterializedClobType@3dfd6220
2022-07-12 14:31:36.190 DEBUG 47056 --- [main] org.hibernate.type.BasicTypeRegistry     : Adding type registration materialized_nclob -> org.hibernate.type.MaterializedNClobType@71936a92
2022-07-12 14:31:36.191 DEBUG 47056 --- [main] org.hibernate.type.BasicTypeRegistry     : Adding type registration serializable -> org.hibernate.type.SerializableType@12abcd1e
2022-07-12 14:31:36.193 DEBUG 47056 --- [main] org.hibernate.type.BasicTypeRegistry     : Adding type registration object -> org.hibernate.type.ObjectType@5a592c70
2022-07-12 14:31:36.193 DEBUG 47056 --- [main] org.hibernate.type.BasicTypeRegistry     : Adding type registration java.lang.Object -> org.hibernate.type.ObjectType@5a592c70
2022-07-12 14:31:36.194 DEBUG 47056 --- [main] org.hibernate.type.BasicTypeRegistry     : Adding type registration imm_date -> org.hibernate.type.AdaptedImmutableType@675b18ff
2022-07-12 14:31:36.194 DEBUG 47056 --- [main] org.hibernate.type.BasicTypeRegistry     : Adding type registration imm_time -> org.hibernate.type.AdaptedImmutableType@34279b8a
2022-07-12 14:31:36.194 DEBUG 47056 --- [main] org.hibernate.type.BasicTypeRegistry     : Adding type registration imm_timestamp -> org.hibernate.type.AdaptedImmutableType@687389a6
2022-07-12 14:31:36.194 DEBUG 47056 --- [main] org.hibernate.type.BasicTypeRegistry     : Adding type registration imm_dbtimestamp -> org.hibernate.type.AdaptedImmutableType@8641b7d
2022-07-12 14:31:36.194 DEBUG 47056 --- [main] org.hibernate.type.BasicTypeRegistry     : Adding type registration imm_calendar -> org.hibernate.type.AdaptedImmutableType@37c7766e
2022-07-12 14:31:36.194 DEBUG 47056 --- [main] org.hibernate.type.BasicTypeRegistry     : Adding type registration imm_calendar_date -> org.hibernate.type.AdaptedImmutableType@3fb450d7
2022-07-12 14:31:36.194 DEBUG 47056 --- [main] org.hibernate.type.BasicTypeRegistry     : Adding type registration imm_binary -> org.hibernate.type.AdaptedImmutableType@4b7ed03e
2022-07-12 14:31:36.203 DEBUG 47056 --- [main] org.hibernate.type.BasicTypeRegistry     : Adding type registration imm_serializable -> org.hibernate.type.AdaptedImmutableType@636985df
2022-07-12 14:31:36.231  INFO 47056 --- [main] com.zaxxer.hikari.HikariDataSource       : HikariPool-1 - Starting...
2022-07-12 14:31:36.500  INFO 47056 --- [main] com.zaxxer.hikari.HikariDataSource       : HikariPool-1 - Start completed.
2022-07-12 14:31:36.514  INFO 47056 --- [main] org.hibernate.dialect.Dialect            : HHH000400: Using dialect: org.hibernate.dialect.Oracle12cDialect
2022-07-12 14:31:36.631 DEBUG 47056 --- [main] org.hibernate.type.BasicTypeRegistry     : Adding type registration byte[] -> org.hibernate.type.MaterializedBlobType@6a567f7b
2022-07-12 14:31:36.631 DEBUG 47056 --- [main] org.hibernate.type.BasicTypeRegistry     : HHH000270: Type registration [byte[]] overrides previous : org.hibernate.type.BinaryType@24134cbc
2022-07-12 14:31:36.631 DEBUG 47056 --- [main] org.hibernate.type.BasicTypeRegistry     : Adding type registration [B -> org.hibernate.type.MaterializedBlobType@6a567f7b
2022-07-12 14:31:36.631 DEBUG 47056 --- [main] org.hibernate.type.BasicTypeRegistry     : HHH000270: Type registration [[B] overrides previous : org.hibernate.type.BinaryType@24134cbc
2022-07-12 14:31:36.632 DEBUG 47056 --- [main] org.hibernate.type.BasicTypeRegistry     : Adding type registration Byte[] -> org.hibernate.type.WrappedMaterializedBlobType@506aa618
2022-07-12 14:31:36.632 DEBUG 47056 --- [main] org.hibernate.type.BasicTypeRegistry     : HHH000270: Type registration [Byte[]] overrides previous : org.hibernate.type.WrapperBinaryType@6b2fdffc
2022-07-12 14:31:36.632 DEBUG 47056 --- [main] org.hibernate.type.BasicTypeRegistry     : Adding type registration [Ljava.lang.Byte; -> org.hibernate.type.WrappedMaterializedBlobType@506aa618
2022-07-12 14:31:36.632 DEBUG 47056 --- [main] org.hibernate.type.BasicTypeRegistry     : HHH000270: Type registration [[Ljava.lang.Byte;] overrides previous : org.hibernate.type.WrapperBinaryType@6b2fdffc
2022-07-12 14:31:36.633 DEBUG 47056 --- [main] o.h.type.spi.TypeConfiguration$Scope     : Scoping TypeConfiguration [org.hibernate.type.spi.TypeConfiguration@15c16f19] to MetadataBuildingContext [org.hibernate.boot.internal.MetadataBuildingContextRootImpl@1a17dd6f]
2022-07-12 14:31:36.775 DEBUG 47056 --- [main] o.h.type.spi.TypeConfiguration$Scope     : Scoping TypeConfiguration [org.hibernate.type.spi.TypeConfiguration@15c16f19] to SessionFactoryImpl [org.hibernate.internal.SessionFactoryImpl@58fbcb71]
2022-07-12 14:31:37.017  INFO 47056 --- [main] o.h.e.t.j.p.i.JtaPlatformInitiator       : HHH000490: Using JtaPlatform implementation: [org.hibernate.engine.transaction.jta.platform.internal.NoJtaPlatform]
2022-07-12 14:31:37.023 TRACE 47056 --- [main] o.h.type.spi.TypeConfiguration$Scope     : Handling #sessionFactoryCreated from [org.hibernate.internal.SessionFactoryImpl@58fbcb71] for TypeConfiguration
2022-07-12 14:31:37.024  INFO 47056 --- [main] j.LocalContainerEntityManagerFactoryBean : Initialized JPA EntityManagerFactory for persistence unit 'default'
2022-07-12 14:31:37.339  WARN 47056 --- [main] JpaBaseConfiguration$JpaWebConfiguration : spring.jpa.open-in-view is enabled by default. Therefore, database queries may be performed during view rendering. Explicitly configure spring.jpa.open-in-view to disable this warning
2022-07-12 14:31:37.792  INFO 47056 --- [main] o.s.s.web.DefaultSecurityFilterChain     : Will secure any request with [org.springframework.security.web.session.DisableEncodeUrlFilter@3355d9ba, org.springframework.security.web.context.request.async.WebAsyncManagerIntegrationFilter@5357de0e, org.springframework.security.web.context.SecurityContextPersistenceFilter@2f3a0f37, org.springframework.security.web.header.HeaderWriterFilter@78b44fcb, org.springframework.security.web.csrf.CsrfFilter@219db855, org.springframework.security.web.authentication.logout.LogoutFilter@138b9abe, org.springframework.security.web.authentication.UsernamePasswordAuthenticationFilter@2b66bf1c, org.springframework.security.web.authentication.ui.DefaultLoginPageGeneratingFilter@2552181d, org.springframework.security.web.authentication.ui.DefaultLogoutPageGeneratingFilter@6f651ac, org.springframework.security.web.authentication.www.BasicAuthenticationFilter@14b4ce6f, org.springframework.security.web.savedrequest.RequestCacheAwareFilter@4f1a5b93, org.springframework.security.web.servletapi.SecurityContextHolderAwareRequestFilter@22ee1ad7, org.springframework.security.web.authentication.AnonymousAuthenticationFilter@4a29a1e6, org.springframework.security.web.session.SessionManagementFilter@41b2123e, org.springframework.security.web.access.ExceptionTranslationFilter@66859ea9, org.springframework.security.web.access.intercept.FilterSecurityInterceptor@2ebcbf9d]
2022-07-12 14:31:37.840  INFO 47056 --- [main] o.s.b.w.embedded.tomcat.TomcatWebServer  : Tomcat started on port(s): 8080 (http) with context path ''
2022-07-12 14:31:37.854  INFO 47056 --- [main] c.c.bbookseason.BbookSeasonApplication   : Started BbookSeasonApplication in 3.645 seconds (JVM running for 4.513)
2022-07-12 14:35:59.957  INFO 40416 --- [main] c.c.bbookseason.BbookSeasonApplication   : Starting BbookSeasonApplication using Java 11.0.15 on MCSAPGS-0004 with PID 40416 (C:\Users\dabarca\Documents\Dev\bbook-season\target\classes started by dabarca in C:\Users\dabarca\Documents\Dev\bbook-season)
2022-07-12 14:35:59.962  INFO 40416 --- [main] c.c.bbookseason.BbookSeasonApplication   : No active profile set, falling back to 1 default profile: "default"
2022-07-12 14:36:00.538  INFO 40416 --- [main] .s.d.r.c.RepositoryConfigurationDelegate : Bootstrapping Spring Data JPA repositories in DEFAULT mode.
2022-07-12 14:36:00.582  INFO 40416 --- [main] .s.d.r.c.RepositoryConfigurationDelegate : Finished Spring Data repository scanning in 35 ms. Found 1 JPA repository interfaces.
2022-07-12 14:36:01.045  INFO 40416 --- [main] o.s.b.w.embedded.tomcat.TomcatWebServer  : Tomcat initialized with port(s): 8080 (http)
2022-07-12 14:36:01.053  INFO 40416 --- [main] o.apache.catalina.core.StandardService   : Starting service [Tomcat]
2022-07-12 14:36:01.054  INFO 40416 --- [main] org.apache.catalina.core.StandardEngine  : Starting Servlet engine: [Apache Tomcat/9.0.63]
2022-07-12 14:36:01.162  INFO 40416 --- [main] o.a.c.c.C.[Tomcat].[localhost].[/]       : Initializing Spring embedded WebApplicationContext
2022-07-12 14:36:01.162  INFO 40416 --- [main] w.s.c.ServletWebServerApplicationContext : Root WebApplicationContext: initialization completed in 1153 ms
2022-07-12 14:36:01.348  INFO 40416 --- [main] o.hibernate.jpa.internal.util.LogHelper  : HHH000204: Processing PersistenceUnitInfo [name: default]
2022-07-12 14:36:01.384  INFO 40416 --- [main] org.hibernate.Version                    : HHH000412: Hibernate ORM core version 5.6.9.Final
2022-07-12 14:36:01.496  INFO 40416 --- [main] o.hibernate.annotations.common.Version   : HCANN000001: Hibernate Commons Annotations {5.1.2.Final}
2022-07-12 14:36:01.516 DEBUG 40416 --- [main] org.hibernate.type.BasicTypeRegistry     : Adding type registration boolean -> org.hibernate.type.BooleanType@7558c24b
2022-07-12 14:36:01.516 DEBUG 40416 --- [main] org.hibernate.type.BasicTypeRegistry     : Adding type registration boolean -> org.hibernate.type.BooleanType@7558c24b
2022-07-12 14:36:01.516 DEBUG 40416 --- [main] org.hibernate.type.BasicTypeRegistry     : Adding type registration java.lang.Boolean -> org.hibernate.type.BooleanType@7558c24b
2022-07-12 14:36:01.517 DEBUG 40416 --- [main] org.hibernate.type.BasicTypeRegistry     : Adding type registration numeric_boolean -> org.hibernate.type.NumericBooleanType@57151b3a
2022-07-12 14:36:01.517 DEBUG 40416 --- [main] org.hibernate.type.BasicTypeRegistry     : Adding type registration true_false -> org.hibernate.type.TrueFalseType@501957bf
2022-07-12 14:36:01.518 DEBUG 40416 --- [main] org.hibernate.type.BasicTypeRegistry     : Adding type registration yes_no -> org.hibernate.type.YesNoType@6c742b84
2022-07-12 14:36:01.519 DEBUG 40416 --- [main] org.hibernate.type.BasicTypeRegistry     : Adding type registration byte -> org.hibernate.type.ByteType@2bebd114
2022-07-12 14:36:01.519 DEBUG 40416 --- [main] org.hibernate.type.BasicTypeRegistry     : Adding type registration byte -> org.hibernate.type.ByteType@2bebd114
2022-07-12 14:36:01.519 DEBUG 40416 --- [main] org.hibernate.type.BasicTypeRegistry     : Adding type registration java.lang.Byte -> org.hibernate.type.ByteType@2bebd114
2022-07-12 14:36:01.520 DEBUG 40416 --- [main] org.hibernate.type.BasicTypeRegistry     : Adding type registration character -> org.hibernate.type.CharacterType@72ecbcb3
2022-07-12 14:36:01.520 DEBUG 40416 --- [main] org.hibernate.type.BasicTypeRegistry     : Adding type registration char -> org.hibernate.type.CharacterType@72ecbcb3
2022-07-12 14:36:01.520 DEBUG 40416 --- [main] org.hibernate.type.BasicTypeRegistry     : Adding type registration java.lang.Character -> org.hibernate.type.CharacterType@72ecbcb3
2022-07-12 14:36:01.521 DEBUG 40416 --- [main] org.hibernate.type.BasicTypeRegistry     : Adding type registration short -> org.hibernate.type.ShortType@41def031
2022-07-12 14:36:01.521 DEBUG 40416 --- [main] org.hibernate.type.BasicTypeRegistry     : Adding type registration short -> org.hibernate.type.ShortType@41def031
2022-07-12 14:36:01.521 DEBUG 40416 --- [main] org.hibernate.type.BasicTypeRegistry     : Adding type registration java.lang.Short -> org.hibernate.type.ShortType@41def031
2022-07-12 14:36:01.522 DEBUG 40416 --- [main] org.hibernate.type.BasicTypeRegistry     : Adding type registration integer -> org.hibernate.type.IntegerType@5aa76ad2
2022-07-12 14:36:01.523 DEBUG 40416 --- [main] org.hibernate.type.BasicTypeRegistry     : Adding type registration int -> org.hibernate.type.IntegerType@5aa76ad2
2022-07-12 14:36:01.523 DEBUG 40416 --- [main] org.hibernate.type.BasicTypeRegistry     : Adding type registration java.lang.Integer -> org.hibernate.type.IntegerType@5aa76ad2
2022-07-12 14:36:01.524 DEBUG 40416 --- [main] org.hibernate.type.BasicTypeRegistry     : Adding type registration long -> org.hibernate.type.LongType@5a05dd30
2022-07-12 14:36:01.524 DEBUG 40416 --- [main] org.hibernate.type.BasicTypeRegistry     : Adding type registration long -> org.hibernate.type.LongType@5a05dd30
2022-07-12 14:36:01.524 DEBUG 40416 --- [main] org.hibernate.type.BasicTypeRegistry     : Adding type registration java.lang.Long -> org.hibernate.type.LongType@5a05dd30
2022-07-12 14:36:01.525 DEBUG 40416 --- [main] org.hibernate.type.BasicTypeRegistry     : Adding type registration float -> org.hibernate.type.FloatType@1d2fb82
2022-07-12 14:36:01.525 DEBUG 40416 --- [main] org.hibernate.type.BasicTypeRegistry     : Adding type registration float -> org.hibernate.type.FloatType@1d2fb82
2022-07-12 14:36:01.526 DEBUG 40416 --- [main] org.hibernate.type.BasicTypeRegistry     : Adding type registration java.lang.Float -> org.hibernate.type.FloatType@1d2fb82
2022-07-12 14:36:01.526 DEBUG 40416 --- [main] org.hibernate.type.BasicTypeRegistry     : Adding type registration double -> org.hibernate.type.DoubleType@69796bd0
2022-07-12 14:36:01.527 DEBUG 40416 --- [main] org.hibernate.type.BasicTypeRegistry     : Adding type registration double -> org.hibernate.type.DoubleType@69796bd0
2022-07-12 14:36:01.527 DEBUG 40416 --- [main] org.hibernate.type.BasicTypeRegistry     : Adding type registration java.lang.Double -> org.hibernate.type.DoubleType@69796bd0
2022-07-12 14:36:01.528 DEBUG 40416 --- [main] org.hibernate.type.BasicTypeRegistry     : Adding type registration big_decimal -> org.hibernate.type.BigDecimalType@7f27f59b
2022-07-12 14:36:01.528 DEBUG 40416 --- [main] org.hibernate.type.BasicTypeRegistry     : Adding type registration java.math.BigDecimal -> org.hibernate.type.BigDecimalType@7f27f59b
2022-07-12 14:36:01.529 DEBUG 40416 --- [main] org.hibernate.type.BasicTypeRegistry     : Adding type registration big_integer -> org.hibernate.type.BigIntegerType@5b1e88f
2022-07-12 14:36:01.529 DEBUG 40416 --- [main] org.hibernate.type.BasicTypeRegistry     : Adding type registration java.math.BigInteger -> org.hibernate.type.BigIntegerType@5b1e88f
2022-07-12 14:36:01.530 DEBUG 40416 --- [main] org.hibernate.type.BasicTypeRegistry     : Adding type registration string -> org.hibernate.type.StringType@5ec88f9e
2022-07-12 14:36:01.539 DEBUG 40416 --- [main] org.hibernate.type.BasicTypeRegistry     : Adding type registration java.lang.String -> org.hibernate.type.StringType@5ec88f9e
2022-07-12 14:36:01.540 DEBUG 40416 --- [main] org.hibernate.type.BasicTypeRegistry     : Adding type registration nstring -> org.hibernate.type.StringNVarcharType@357f6391
2022-07-12 14:36:01.540 DEBUG 40416 --- [main] org.hibernate.type.BasicTypeRegistry     : Adding type registration ncharacter -> org.hibernate.type.CharacterNCharType@349c4d1c
2022-07-12 14:36:01.541 DEBUG 40416 --- [main] org.hibernate.type.BasicTypeRegistry     : Adding type registration url -> org.hibernate.type.UrlType@31aab981
2022-07-12 14:36:01.542 DEBUG 40416 --- [main] org.hibernate.type.BasicTypeRegistry     : Adding type registration java.net.URL -> org.hibernate.type.UrlType@31aab981
2022-07-12 14:36:01.542 DEBUG 40416 --- [main] org.hibernate.type.BasicTypeRegistry     : Adding type registration Duration -> org.hibernate.type.DurationType@5b0dbfb
2022-07-12 14:36:01.543 DEBUG 40416 --- [main] org.hibernate.type.BasicTypeRegistry     : Adding type registration java.time.Duration -> org.hibernate.type.DurationType@5b0dbfb
2022-07-12 14:36:01.543 DEBUG 40416 --- [main] org.hibernate.type.BasicTypeRegistry     : Adding type registration Instant -> org.hibernate.type.InstantType@76cdafa3
2022-07-12 14:36:01.544 DEBUG 40416 --- [main] org.hibernate.type.BasicTypeRegistry     : Adding type registration java.time.Instant -> org.hibernate.type.InstantType@76cdafa3
2022-07-12 14:36:01.544 DEBUG 40416 --- [main] org.hibernate.type.BasicTypeRegistry     : Adding type registration LocalDateTime -> org.hibernate.type.LocalDateTimeType@32ea16b7
2022-07-12 14:36:01.544 DEBUG 40416 --- [main] org.hibernate.type.BasicTypeRegistry     : Adding type registration java.time.LocalDateTime -> org.hibernate.type.LocalDateTimeType@32ea16b7
2022-07-12 14:36:01.545 DEBUG 40416 --- [main] org.hibernate.type.BasicTypeRegistry     : Adding type registration LocalDate -> org.hibernate.type.LocalDateType@6af65f29
2022-07-12 14:36:01.545 DEBUG 40416 --- [main] org.hibernate.type.BasicTypeRegistry     : Adding type registration java.time.LocalDate -> org.hibernate.type.LocalDateType@6af65f29
2022-07-12 14:36:01.546 DEBUG 40416 --- [main] org.hibernate.type.BasicTypeRegistry     : Adding type registration LocalTime -> org.hibernate.type.LocalTimeType@58b311ba
2022-07-12 14:36:01.546 DEBUG 40416 --- [main] org.hibernate.type.BasicTypeRegistry     : Adding type registration java.time.LocalTime -> org.hibernate.type.LocalTimeType@58b311ba
2022-07-12 14:36:01.547 DEBUG 40416 --- [main] org.hibernate.type.BasicTypeRegistry     : Adding type registration OffsetDateTime -> org.hibernate.type.OffsetDateTimeType@4c38cd16
2022-07-12 14:36:01.555 DEBUG 40416 --- [main] org.hibernate.type.BasicTypeRegistry     : Adding type registration java.time.OffsetDateTime -> org.hibernate.type.OffsetDateTimeType@4c38cd16
2022-07-12 14:36:01.556 DEBUG 40416 --- [main] org.hibernate.type.BasicTypeRegistry     : Adding type registration OffsetTime -> org.hibernate.type.OffsetTimeType@28fc1132
2022-07-12 14:36:01.556 DEBUG 40416 --- [main] org.hibernate.type.BasicTypeRegistry     : Adding type registration java.time.OffsetTime -> org.hibernate.type.OffsetTimeType@28fc1132
2022-07-12 14:36:01.558 DEBUG 40416 --- [main] org.hibernate.type.BasicTypeRegistry     : Adding type registration ZonedDateTime -> org.hibernate.type.ZonedDateTimeType@6bce313
2022-07-12 14:36:01.558 DEBUG 40416 --- [main] org.hibernate.type.BasicTypeRegistry     : Adding type registration java.time.ZonedDateTime -> org.hibernate.type.ZonedDateTimeType@6bce313
2022-07-12 14:36:01.560 DEBUG 40416 --- [main] org.hibernate.type.BasicTypeRegistry     : Adding type registration date -> org.hibernate.type.DateType@68631b1d
2022-07-12 14:36:01.560 DEBUG 40416 --- [main] org.hibernate.type.BasicTypeRegistry     : Adding type registration java.sql.Date -> org.hibernate.type.DateType@68631b1d
2022-07-12 14:36:01.561 DEBUG 40416 --- [main] org.hibernate.type.BasicTypeRegistry     : Adding type registration time -> org.hibernate.type.TimeType@7f3c0399
2022-07-12 14:36:01.561 DEBUG 40416 --- [main] org.hibernate.type.BasicTypeRegistry     : Adding type registration java.sql.Time -> org.hibernate.type.TimeType@7f3c0399
2022-07-12 14:36:01.562 DEBUG 40416 --- [main] org.hibernate.type.BasicTypeRegistry     : Adding type registration timestamp -> org.hibernate.type.TimestampType@3e4d40ea
2022-07-12 14:36:01.562 DEBUG 40416 --- [main] org.hibernate.type.BasicTypeRegistry     : Adding type registration java.sql.Timestamp -> org.hibernate.type.TimestampType@3e4d40ea
2022-07-12 14:36:01.563 DEBUG 40416 --- [main] org.hibernate.type.BasicTypeRegistry     : Adding type registration java.util.Date -> org.hibernate.type.TimestampType@3e4d40ea
2022-07-12 14:36:01.564 DEBUG 40416 --- [main] org.hibernate.type.BasicTypeRegistry     : Adding type registration dbtimestamp -> org.hibernate.type.DbTimestampType@418f890f
2022-07-12 14:36:01.565 DEBUG 40416 --- [main] org.hibernate.type.BasicTypeRegistry     : Adding type registration calendar -> org.hibernate.type.CalendarType@5a4d4f9c
2022-07-12 14:36:01.565 DEBUG 40416 --- [main] org.hibernate.type.BasicTypeRegistry     : Adding type registration java.util.Calendar -> org.hibernate.type.CalendarType@5a4d4f9c
2022-07-12 14:36:01.565 DEBUG 40416 --- [main] org.hibernate.type.BasicTypeRegistry     : Adding type registration java.util.GregorianCalendar -> org.hibernate.type.CalendarType@5a4d4f9c
2022-07-12 14:36:01.571 DEBUG 40416 --- [main] org.hibernate.type.BasicTypeRegistry     : Adding type registration calendar_date -> org.hibernate.type.CalendarDateType@2416c658
2022-07-12 14:36:01.572 DEBUG 40416 --- [main] org.hibernate.type.BasicTypeRegistry     : Adding type registration calendar_time -> org.hibernate.type.CalendarTimeType@2c6c302f
2022-07-12 14:36:01.573 DEBUG 40416 --- [main] org.hibernate.type.BasicTypeRegistry     : Adding type registration locale -> org.hibernate.type.LocaleType@52a7928a
2022-07-12 14:36:01.573 DEBUG 40416 --- [main] org.hibernate.type.BasicTypeRegistry     : Adding type registration java.util.Locale -> org.hibernate.type.LocaleType@52a7928a
2022-07-12 14:36:01.574 DEBUG 40416 --- [main] org.hibernate.type.BasicTypeRegistry     : Adding type registration currency -> org.hibernate.type.CurrencyType@634f58d2
2022-07-12 14:36:01.574 DEBUG 40416 --- [main] org.hibernate.type.BasicTypeRegistry     : Adding type registration java.util.Currency -> org.hibernate.type.CurrencyType@634f58d2
2022-07-12 14:36:01.575 DEBUG 40416 --- [main] org.hibernate.type.BasicTypeRegistry     : Adding type registration timezone -> org.hibernate.type.TimeZoneType@281b2dfd
2022-07-12 14:36:01.575 DEBUG 40416 --- [main] org.hibernate.type.BasicTypeRegistry     : Adding type registration java.util.TimeZone -> org.hibernate.type.TimeZoneType@281b2dfd
2022-07-12 14:36:01.576 DEBUG 40416 --- [main] org.hibernate.type.BasicTypeRegistry     : Adding type registration class -> org.hibernate.type.ClassType@2db86a7c
2022-07-12 14:36:01.576 DEBUG 40416 --- [main] org.hibernate.type.BasicTypeRegistry     : Adding type registration java.lang.Class -> org.hibernate.type.ClassType@2db86a7c
2022-07-12 14:36:01.577 DEBUG 40416 --- [main] org.hibernate.type.BasicTypeRegistry     : Adding type registration uuid-binary -> org.hibernate.type.UUIDBinaryType@3c54ddec
2022-07-12 14:36:01.577 DEBUG 40416 --- [main] org.hibernate.type.BasicTypeRegistry     : Adding type registration java.util.UUID -> org.hibernate.type.UUIDBinaryType@3c54ddec
2022-07-12 14:36:01.577 DEBUG 40416 --- [main] org.hibernate.type.BasicTypeRegistry     : Adding type registration uuid-char -> org.hibernate.type.UUIDCharType@3fde2209
2022-07-12 14:36:01.578 DEBUG 40416 --- [main] org.hibernate.type.BasicTypeRegistry     : Adding type registration binary -> org.hibernate.type.BinaryType@35025a0a
2022-07-12 14:36:01.578 DEBUG 40416 --- [main] org.hibernate.type.BasicTypeRegistry     : Adding type registration byte[] -> org.hibernate.type.BinaryType@35025a0a
2022-07-12 14:36:01.578 DEBUG 40416 --- [main] org.hibernate.type.BasicTypeRegistry     : Adding type registration [B -> org.hibernate.type.BinaryType@35025a0a
2022-07-12 14:36:01.588 DEBUG 40416 --- [main] org.hibernate.type.BasicTypeRegistry     : Adding type registration wrapper-binary -> org.hibernate.type.WrapperBinaryType@16cf8438
2022-07-12 14:36:01.588 DEBUG 40416 --- [main] org.hibernate.type.BasicTypeRegistry     : Adding type registration Byte[] -> org.hibernate.type.WrapperBinaryType@16cf8438
2022-07-12 14:36:01.588 DEBUG 40416 --- [main] org.hibernate.type.BasicTypeRegistry     : Adding type registration [Ljava.lang.Byte; -> org.hibernate.type.WrapperBinaryType@16cf8438
2022-07-12 14:36:01.589 DEBUG 40416 --- [main] org.hibernate.type.BasicTypeRegistry     : Adding type registration row_version -> org.hibernate.type.RowVersionType@526f6427
2022-07-12 14:36:01.589 DEBUG 40416 --- [main] org.hibernate.type.BasicTypeRegistry     : Adding type registration image -> org.hibernate.type.ImageType@6ddd1c51
2022-07-12 14:36:01.590 DEBUG 40416 --- [main] org.hibernate.type.BasicTypeRegistry     : Adding type registration characters -> org.hibernate.type.CharArrayType@6544899b
2022-07-12 14:36:01.590 DEBUG 40416 --- [main] org.hibernate.type.BasicTypeRegistry     : Adding type registration char[] -> org.hibernate.type.CharArrayType@6544899b
2022-07-12 14:36:01.590 DEBUG 40416 --- [main] org.hibernate.type.BasicTypeRegistry     : Adding type registration [C -> org.hibernate.type.CharArrayType@6544899b
2022-07-12 14:36:01.591 DEBUG 40416 --- [main] org.hibernate.type.BasicTypeRegistry     : Adding type registration wrapper-characters -> org.hibernate.type.CharacterArrayType@42c0a16e
2022-07-12 14:36:01.591 DEBUG 40416 --- [main] org.hibernate.type.BasicTypeRegistry     : Adding type registration [Ljava.lang.Character; -> org.hibernate.type.CharacterArrayType@42c0a16e
2022-07-12 14:36:01.591 DEBUG 40416 --- [main] org.hibernate.type.BasicTypeRegistry     : Adding type registration Character[] -> org.hibernate.type.CharacterArrayType@42c0a16e
2022-07-12 14:36:01.591 DEBUG 40416 --- [main] org.hibernate.type.BasicTypeRegistry     : Adding type registration text -> org.hibernate.type.TextType@2ca3d826
2022-07-12 14:36:01.592 DEBUG 40416 --- [main] org.hibernate.type.BasicTypeRegistry     : Adding type registration ntext -> org.hibernate.type.NTextType@51ac12ac
2022-07-12 14:36:01.593 DEBUG 40416 --- [main] org.hibernate.type.BasicTypeRegistry     : Adding type registration blob -> org.hibernate.type.BlobType@512abf25
2022-07-12 14:36:01.593 DEBUG 40416 --- [main] org.hibernate.type.BasicTypeRegistry     : Adding type registration java.sql.Blob -> org.hibernate.type.BlobType@512abf25
2022-07-12 14:36:01.594 DEBUG 40416 --- [main] org.hibernate.type.BasicTypeRegistry     : Adding type registration materialized_blob -> org.hibernate.type.MaterializedBlobType@7aa01bd9
2022-07-12 14:36:01.605 DEBUG 40416 --- [main] org.hibernate.type.BasicTypeRegistry     : Adding type registration clob -> org.hibernate.type.ClobType@2ca54da9
2022-07-12 14:36:01.605 DEBUG 40416 --- [main] org.hibernate.type.BasicTypeRegistry     : Adding type registration java.sql.Clob -> org.hibernate.type.ClobType@2ca54da9
2022-07-12 14:36:01.606 DEBUG 40416 --- [main] org.hibernate.type.BasicTypeRegistry     : Adding type registration nclob -> org.hibernate.type.NClobType@50598a1a
2022-07-12 14:36:01.607 DEBUG 40416 --- [main] org.hibernate.type.BasicTypeRegistry     : Adding type registration java.sql.NClob -> org.hibernate.type.NClobType@50598a1a
2022-07-12 14:36:01.607 DEBUG 40416 --- [main] org.hibernate.type.BasicTypeRegistry     : Adding type registration materialized_clob -> org.hibernate.type.MaterializedClobType@de77146
2022-07-12 14:36:01.607 DEBUG 40416 --- [main] org.hibernate.type.BasicTypeRegistry     : Adding type registration materialized_nclob -> org.hibernate.type.MaterializedNClobType@6a567f7b
2022-07-12 14:36:01.609 DEBUG 40416 --- [main] org.hibernate.type.BasicTypeRegistry     : Adding type registration serializable -> org.hibernate.type.SerializableType@8b13d91
2022-07-12 14:36:01.611 DEBUG 40416 --- [main] org.hibernate.type.BasicTypeRegistry     : Adding type registration object -> org.hibernate.type.ObjectType@71936a92
2022-07-12 14:36:01.611 DEBUG 40416 --- [main] org.hibernate.type.BasicTypeRegistry     : Adding type registration java.lang.Object -> org.hibernate.type.ObjectType@71936a92
2022-07-12 14:36:01.611 DEBUG 40416 --- [main] org.hibernate.type.BasicTypeRegistry     : Adding type registration imm_date -> org.hibernate.type.AdaptedImmutableType@2f2e4bde
2022-07-12 14:36:01.611 DEBUG 40416 --- [main] org.hibernate.type.BasicTypeRegistry     : Adding type registration imm_time -> org.hibernate.type.AdaptedImmutableType@6222391a
2022-07-12 14:36:01.611 DEBUG 40416 --- [main] org.hibernate.type.BasicTypeRegistry     : Adding type registration imm_timestamp -> org.hibernate.type.AdaptedImmutableType@538a2f0e
2022-07-12 14:36:01.612 DEBUG 40416 --- [main] org.hibernate.type.BasicTypeRegistry     : Adding type registration imm_dbtimestamp -> org.hibernate.type.AdaptedImmutableType@d2708a7
2022-07-12 14:36:01.612 DEBUG 40416 --- [main] org.hibernate.type.BasicTypeRegistry     : Adding type registration imm_calendar -> org.hibernate.type.AdaptedImmutableType@508ad266
2022-07-12 14:36:01.612 DEBUG 40416 --- [main] org.hibernate.type.BasicTypeRegistry     : Adding type registration imm_calendar_date -> org.hibernate.type.AdaptedImmutableType@2313db84
2022-07-12 14:36:01.612 DEBUG 40416 --- [main] org.hibernate.type.BasicTypeRegistry     : Adding type registration imm_binary -> org.hibernate.type.AdaptedImmutableType@216372b7
2022-07-12 14:36:01.618 DEBUG 40416 --- [main] org.hibernate.type.BasicTypeRegistry     : Adding type registration imm_serializable -> org.hibernate.type.AdaptedImmutableType@14b4340c
2022-07-12 14:36:01.648  INFO 40416 --- [main] com.zaxxer.hikari.HikariDataSource       : HikariPool-1 - Starting...
2022-07-12 14:36:01.952  INFO 40416 --- [main] com.zaxxer.hikari.HikariDataSource       : HikariPool-1 - Start completed.
2022-07-12 14:36:01.969  INFO 40416 --- [main] org.hibernate.dialect.Dialect            : HHH000400: Using dialect: org.hibernate.dialect.Oracle12cDialect
2022-07-12 14:36:02.098 DEBUG 40416 --- [main] org.hibernate.type.BasicTypeRegistry     : Adding type registration byte[] -> org.hibernate.type.MaterializedBlobType@7aa01bd9
2022-07-12 14:36:02.098 DEBUG 40416 --- [main] org.hibernate.type.BasicTypeRegistry     : HHH000270: Type registration [byte[]] overrides previous : org.hibernate.type.BinaryType@35025a0a
2022-07-12 14:36:02.098 DEBUG 40416 --- [main] org.hibernate.type.BasicTypeRegistry     : Adding type registration [B -> org.hibernate.type.MaterializedBlobType@7aa01bd9
2022-07-12 14:36:02.098 DEBUG 40416 --- [main] org.hibernate.type.BasicTypeRegistry     : HHH000270: Type registration [[B] overrides previous : org.hibernate.type.BinaryType@35025a0a
2022-07-12 14:36:02.098 DEBUG 40416 --- [main] org.hibernate.type.BasicTypeRegistry     : Adding type registration Byte[] -> org.hibernate.type.WrappedMaterializedBlobType@4afd65fd
2022-07-12 14:36:02.099 DEBUG 40416 --- [main] org.hibernate.type.BasicTypeRegistry     : HHH000270: Type registration [Byte[]] overrides previous : org.hibernate.type.WrapperBinaryType@16cf8438
2022-07-12 14:36:02.099 DEBUG 40416 --- [main] org.hibernate.type.BasicTypeRegistry     : Adding type registration [Ljava.lang.Byte; -> org.hibernate.type.WrappedMaterializedBlobType@4afd65fd
2022-07-12 14:36:02.099 DEBUG 40416 --- [main] org.hibernate.type.BasicTypeRegistry     : HHH000270: Type registration [[Ljava.lang.Byte;] overrides previous : org.hibernate.type.WrapperBinaryType@16cf8438
2022-07-12 14:36:02.100 DEBUG 40416 --- [main] o.h.type.spi.TypeConfiguration$Scope     : Scoping TypeConfiguration [org.hibernate.type.spi.TypeConfiguration@d16209e] to MetadataBuildingContext [org.hibernate.boot.internal.MetadataBuildingContextRootImpl@75527e36]
2022-07-12 14:36:02.248 DEBUG 40416 --- [main] o.h.type.spi.TypeConfiguration$Scope     : Scoping TypeConfiguration [org.hibernate.type.spi.TypeConfiguration@d16209e] to SessionFactoryImpl [org.hibernate.internal.SessionFactoryImpl@60f9dc7e]
2022-07-12 14:36:02.470  INFO 40416 --- [main] o.h.e.t.j.p.i.JtaPlatformInitiator       : HHH000490: Using JtaPlatform implementation: [org.hibernate.engine.transaction.jta.platform.internal.NoJtaPlatform]
2022-07-12 14:36:02.476 TRACE 40416 --- [main] o.h.type.spi.TypeConfiguration$Scope     : Handling #sessionFactoryCreated from [org.hibernate.internal.SessionFactoryImpl@60f9dc7e] for TypeConfiguration
2022-07-12 14:36:02.478  INFO 40416 --- [main] j.LocalContainerEntityManagerFactoryBean : Initialized JPA EntityManagerFactory for persistence unit 'default'
2022-07-12 14:36:02.859  WARN 40416 --- [main] JpaBaseConfiguration$JpaWebConfiguration : spring.jpa.open-in-view is enabled by default. Therefore, database queries may be performed during view rendering. Explicitly configure spring.jpa.open-in-view to disable this warning
2022-07-12 14:36:03.304  INFO 40416 --- [main] o.s.s.web.DefaultSecurityFilterChain     : Will secure any request with [org.springframework.security.web.session.DisableEncodeUrlFilter@15549dd7, org.springframework.security.web.context.request.async.WebAsyncManagerIntegrationFilter@1e75af65, org.springframework.security.web.context.SecurityContextPersistenceFilter@b889cb6, org.springframework.security.web.header.HeaderWriterFilter@43efe064, org.springframework.security.web.csrf.CsrfFilter@728535c6, org.springframework.security.web.authentication.logout.LogoutFilter@78b44fcb, org.springframework.security.web.authentication.UsernamePasswordAuthenticationFilter@5cf1bbd3, org.springframework.security.web.authentication.ui.DefaultLoginPageGeneratingFilter@705d72f0, org.springframework.security.web.authentication.ui.DefaultLogoutPageGeneratingFilter@25a2c4dc, org.springframework.security.web.authentication.www.BasicAuthenticationFilter@25587290, org.springframework.security.web.savedrequest.RequestCacheAwareFilter@54c37dab, org.springframework.security.web.servletapi.SecurityContextHolderAwareRequestFilter@49005dc4, org.springframework.security.web.authentication.AnonymousAuthenticationFilter@29d81c22, org.springframework.security.web.session.SessionManagementFilter@2c6a6ce3, org.springframework.security.web.access.ExceptionTranslationFilter@6a4f7c17, org.springframework.security.web.access.intercept.FilterSecurityInterceptor@22e95960]
2022-07-12 14:36:03.360  INFO 40416 --- [main] o.s.b.w.embedded.tomcat.TomcatWebServer  : Tomcat started on port(s): 8080 (http) with context path ''
2022-07-12 14:36:03.375  INFO 40416 --- [main] c.c.bbookseason.BbookSeasonApplication   : Started BbookSeasonApplication in 3.861 seconds (JVM running for 4.952)
